<?xml version="1.0" encoding="UTF-8"?>
<testng-results ignored="0" total="1" passed="1" failed="0" skipped="0">
  <reporter-output>
  </reporter-output>
  <suite started-at="2024-12-28T11:44:13 AST" name="Surefire suite" finished-at="2024-12-28T11:44:28 AST" duration-ms="15260">
    <groups>
      <group name="cucumber">
        <method signature="AbstractTestNGCucumberTests.runScenario(io.cucumber.testng.PickleWrapper,io.cucumber.testng.FeatureWrapper)[pri:0, instance:Runner.TestRunner@4313f5bc]" name="runScenario" class="io.cucumber.testng.AbstractTestNGCucumberTests"/>
      </group> <!-- cucumber -->
    </groups>
    <test started-at="2024-12-28T11:44:13 AST" name="Surefire test" finished-at="2024-12-28T11:44:28 AST" duration-ms="15260">
      <class name="Runner.TestRunner">
        <test-method is-config="true" signature="setUpClass(org.testng.ITestContext)[pri:0, instance:Runner.TestRunner@4313f5bc]" started-at="2024-12-28T11:44:13 AST" name="setUpClass" finished-at="2024-12-28T11:44:13 AST" duration-ms="485" status="PASS">
          <params>
            <param index="0">
              <value>
                <![CDATA[org.testng.TestRunner@5d7835a8]]>
              </value>
            </param>
          </params>
          <reporter-output>
          </reporter-output>
        </test-method> <!-- setUpClass -->
        <test-method signature="runScenario(io.cucumber.testng.PickleWrapper,io.cucumber.testng.FeatureWrapper)[pri:0, instance:Runner.TestRunner@4313f5bc]" started-at="2024-12-28T11:44:13 AST" name="runScenario" description="Runs Cucumber Scenarios" data-provider="scenarios" finished-at="2024-12-28T11:44:28 AST" duration-ms="14648" status="PASS">
          <params>
            <param index="0">
              <value>
                <![CDATA["Verify that Products Are Purchased Successfully"]]>
              </value>
            </param>
            <param index="1">
              <value>
                <![CDATA["purchase Products as user"]]>
              </value>
            </param>
          </params>
          <reporter-output>
          </reporter-output>
        </test-method> <!-- runScenario -->
        <test-method is-config="true" signature="tearDownClass()[pri:0, instance:Runner.TestRunner@4313f5bc]" started-at="2024-12-28T11:44:28 AST" name="tearDownClass" finished-at="2024-12-28T11:44:28 AST" duration-ms="92" status="PASS">
          <reporter-output>
          </reporter-output>
        </test-method> <!-- tearDownClass -->
      </class> <!-- Runner.TestRunner -->
    </test> <!-- Surefire test -->
  </suite> <!-- Surefire suite -->
</testng-results>
